<?xml version="1.0" encoding="UTF-8" ?>
<testsuite tests="4" failures="0" name="com.mahmud.card.core.utils.CardUtilsTest" time="0.014" errors="0" skipped="0">
  <properties>
    <property name="java.runtime.name" value="Java(TM) SE Runtime Environment"/>
    <property name="sun.boot.library.path" value="/Library/Java/JavaVirtualMachines/jdk1.8.0_60.jdk/Contents/Home/jre/lib"/>
    <property name="java.vm.version" value="25.60-b23"/>
    <property name="user.country.format" value="GB"/>
    <property name="gopherProxySet" value="false"/>
    <property name="java.vm.vendor" value="Oracle Corporation"/>
    <property name="java.vendor.url" value="http://java.oracle.com/"/>
    <property name="path.separator" value=":"/>
    <property name="java.vm.name" value="Java HotSpot(TM) 64-Bit Server VM"/>
    <property name="file.encoding.pkg" value="sun.io"/>
    <property name="user.country" value="US"/>
    <property name="sun.java.launcher" value="SUN_STANDARD"/>
    <property name="sun.os.patch.level" value="unknown"/>
    <property name="java.vm.specification.name" value="Java Virtual Machine Specification"/>
    <property name="user.dir" value="/Users/mit/Documents/workspace-sts-3.6.4.RELEASE/card-web"/>
    <property name="java.runtime.version" value="1.8.0_60-b27"/>
    <property name="java.awt.graphicsenv" value="sun.awt.CGraphicsEnvironment"/>
    <property name="basedir" value="/Users/mit/Documents/workspace-sts-3.6.4.RELEASE/card-web"/>
    <property name="java.endorsed.dirs" value="/Library/Java/JavaVirtualMachines/jdk1.8.0_60.jdk/Contents/Home/jre/lib/endorsed"/>
    <property name="os.arch" value="x86_64"/>
    <property name="surefire.real.class.path" value="/var/folders/5n/wqg6kkx50kjggsbw_p7d3vnh0000gn/T/surefirebooter8323269905995149066.jar"/>
    <property name="java.io.tmpdir" value="/var/folders/5n/wqg6kkx50kjggsbw_p7d3vnh0000gn/T/"/>
    <property name="line.separator" value="
"/>
    <property name="java.vm.specification.vendor" value="Oracle Corporation"/>
    <property name="os.name" value="Mac OS X"/>
    <property name="sun.jnu.encoding" value="UTF-8"/>
    <property name="java.library.path" value="/Users/mit/Library/Java/Extensions:/Library/Java/Extensions:/Network/Library/Java/Extensions:/System/Library/Java/Extensions:/usr/lib/java:."/>
    <property name="surefire.test.class.path" value="/Users/mit/Documents/workspace-sts-3.6.4.RELEASE/card-web/target/test-classes:/Users/mit/Documents/workspace-sts-3.6.4.RELEASE/card-web/target/classes:/Users/mit/.m2/repository/junit/junit/4.11/junit-4.11.jar:/Users/mit/.m2/repository/org/hamcrest/hamcrest-core/1.3/hamcrest-core-1.3.jar:/Users/mit/.m2/repository/org/mockito/mockito-core/2.0.5-beta/mockito-core-2.0.5-beta.jar:/Users/mit/.m2/repository/org/objenesis/objenesis/2.1/objenesis-2.1.jar:/Users/mit/.m2/repository/javax/servlet/servlet-api/3.0-alpha-1/servlet-api-3.0-alpha-1.jar:/Users/mit/.m2/repository/org/springframework/spring-webmvc/4.2.0.RELEASE/spring-webmvc-4.2.0.RELEASE.jar:/Users/mit/.m2/repository/org/springframework/spring-beans/4.2.0.RELEASE/spring-beans-4.2.0.RELEASE.jar:/Users/mit/.m2/repository/org/springframework/spring-core/4.2.0.RELEASE/spring-core-4.2.0.RELEASE.jar:/Users/mit/.m2/repository/commons-logging/commons-logging/1.2/commons-logging-1.2.jar:/Users/mit/.m2/repository/org/springframework/spring-context/4.2.0.RELEASE/spring-context-4.2.0.RELEASE.jar:/Users/mit/.m2/repository/org/springframework/spring-aop/4.2.0.RELEASE/spring-aop-4.2.0.RELEASE.jar:/Users/mit/.m2/repository/aopalliance/aopalliance/1.0/aopalliance-1.0.jar:/Users/mit/.m2/repository/org/springframework/spring-expression/4.2.0.RELEASE/spring-expression-4.2.0.RELEASE.jar:/Users/mit/.m2/repository/org/springframework/spring-web/4.2.0.RELEASE/spring-web-4.2.0.RELEASE.jar:/Users/mit/.m2/repository/javax/validation/validation-api/1.1.0.Final/validation-api-1.1.0.Final.jar:/Users/mit/.m2/repository/commons-io/commons-io/2.4/commons-io-2.4.jar:/Users/mit/.m2/repository/commons-fileupload/commons-fileupload/1.3.1/commons-fileupload-1.3.1.jar:/Users/mit/.m2/repository/javax/servlet/jstl/1.2/jstl-1.2.jar:/Users/mit/.m2/repository/org/hibernate/hibernate-validator/5.1.0.Final/hibernate-validator-5.1.0.Final.jar:/Users/mit/.m2/repository/org/jboss/logging/jboss-logging/3.1.3.GA/jboss-logging-3.1.3.GA.jar:/Users/mit/.m2/repository/com/fasterxml/classmate/1.0.0/classmate-1.0.0.jar:/Users/mit/.m2/repository/org/apache/commons/commons-csv/1.1/commons-csv-1.1.jar:/Users/mit/.m2/repository/org/springframework/spring-test/4.2.0.RELEASE/spring-test-4.2.0.RELEASE.jar:"/>
    <property name="java.specification.name" value="Java Platform API Specification"/>
    <property name="java.class.version" value="52.0"/>
    <property name="sun.management.compiler" value="HotSpot 64-Bit Tiered Compilers"/>
    <property name="os.version" value="10.10.5"/>
    <property name="http.nonProxyHosts" value="local|*.local|169.254/16|*.169.254/16"/>
    <property name="user.home" value="/Users/mit"/>
    <property name="user.timezone" value="Europe/London"/>
    <property name="java.awt.printerjob" value="sun.lwawt.macosx.CPrinterJob"/>
    <property name="java.specification.version" value="1.8"/>
    <property name="file.encoding" value="UTF-8"/>
    <property name="user.name" value="mit"/>
    <property name="java.class.path" value="/Users/mit/Documents/workspace-sts-3.6.4.RELEASE/card-web/target/test-classes:/Users/mit/Documents/workspace-sts-3.6.4.RELEASE/card-web/target/classes:/Users/mit/.m2/repository/junit/junit/4.11/junit-4.11.jar:/Users/mit/.m2/repository/org/hamcrest/hamcrest-core/1.3/hamcrest-core-1.3.jar:/Users/mit/.m2/repository/org/mockito/mockito-core/2.0.5-beta/mockito-core-2.0.5-beta.jar:/Users/mit/.m2/repository/org/objenesis/objenesis/2.1/objenesis-2.1.jar:/Users/mit/.m2/repository/javax/servlet/servlet-api/3.0-alpha-1/servlet-api-3.0-alpha-1.jar:/Users/mit/.m2/repository/org/springframework/spring-webmvc/4.2.0.RELEASE/spring-webmvc-4.2.0.RELEASE.jar:/Users/mit/.m2/repository/org/springframework/spring-beans/4.2.0.RELEASE/spring-beans-4.2.0.RELEASE.jar:/Users/mit/.m2/repository/org/springframework/spring-core/4.2.0.RELEASE/spring-core-4.2.0.RELEASE.jar:/Users/mit/.m2/repository/commons-logging/commons-logging/1.2/commons-logging-1.2.jar:/Users/mit/.m2/repository/org/springframework/spring-context/4.2.0.RELEASE/spring-context-4.2.0.RELEASE.jar:/Users/mit/.m2/repository/org/springframework/spring-aop/4.2.0.RELEASE/spring-aop-4.2.0.RELEASE.jar:/Users/mit/.m2/repository/aopalliance/aopalliance/1.0/aopalliance-1.0.jar:/Users/mit/.m2/repository/org/springframework/spring-expression/4.2.0.RELEASE/spring-expression-4.2.0.RELEASE.jar:/Users/mit/.m2/repository/org/springframework/spring-web/4.2.0.RELEASE/spring-web-4.2.0.RELEASE.jar:/Users/mit/.m2/repository/javax/validation/validation-api/1.1.0.Final/validation-api-1.1.0.Final.jar:/Users/mit/.m2/repository/commons-io/commons-io/2.4/commons-io-2.4.jar:/Users/mit/.m2/repository/commons-fileupload/commons-fileupload/1.3.1/commons-fileupload-1.3.1.jar:/Users/mit/.m2/repository/javax/servlet/jstl/1.2/jstl-1.2.jar:/Users/mit/.m2/repository/org/hibernate/hibernate-validator/5.1.0.Final/hibernate-validator-5.1.0.Final.jar:/Users/mit/.m2/repository/org/jboss/logging/jboss-logging/3.1.3.GA/jboss-logging-3.1.3.GA.jar:/Users/mit/.m2/repository/com/fasterxml/classmate/1.0.0/classmate-1.0.0.jar:/Users/mit/.m2/repository/org/apache/commons/commons-csv/1.1/commons-csv-1.1.jar:/Users/mit/.m2/repository/org/springframework/spring-test/4.2.0.RELEASE/spring-test-4.2.0.RELEASE.jar:"/>
    <property name="java.vm.specification.version" value="1.8"/>
    <property name="sun.arch.data.model" value="64"/>
    <property name="java.home" value="/Library/Java/JavaVirtualMachines/jdk1.8.0_60.jdk/Contents/Home/jre"/>
    <property name="sun.java.command" value="/var/folders/5n/wqg6kkx50kjggsbw_p7d3vnh0000gn/T/surefirebooter8323269905995149066.jar /var/folders/5n/wqg6kkx50kjggsbw_p7d3vnh0000gn/T/surefire7540108132151575716tmp /var/folders/5n/wqg6kkx50kjggsbw_p7d3vnh0000gn/T/surefire3139544941303474026tmp"/>
    <property name="java.specification.vendor" value="Oracle Corporation"/>
    <property name="user.language" value="en"/>
    <property name="awt.toolkit" value="sun.lwawt.macosx.LWCToolkit"/>
    <property name="java.vm.info" value="mixed mode"/>
    <property name="java.version" value="1.8.0_60"/>
    <property name="java.ext.dirs" value="/Users/mit/Library/Java/Extensions:/Library/Java/JavaVirtualMachines/jdk1.8.0_60.jdk/Contents/Home/jre/lib/ext:/Library/Java/Extensions:/Network/Library/Java/Extensions:/System/Library/Java/Extensions:/usr/lib/java"/>
    <property name="sun.boot.class.path" value="/Library/Java/JavaVirtualMachines/jdk1.8.0_60.jdk/Contents/Home/jre/lib/resources.jar:/Library/Java/JavaVirtualMachines/jdk1.8.0_60.jdk/Contents/Home/jre/lib/rt.jar:/Library/Java/JavaVirtualMachines/jdk1.8.0_60.jdk/Contents/Home/jre/lib/sunrsasign.jar:/Library/Java/JavaVirtualMachines/jdk1.8.0_60.jdk/Contents/Home/jre/lib/jsse.jar:/Library/Java/JavaVirtualMachines/jdk1.8.0_60.jdk/Contents/Home/jre/lib/jce.jar:/Library/Java/JavaVirtualMachines/jdk1.8.0_60.jdk/Contents/Home/jre/lib/charsets.jar:/Library/Java/JavaVirtualMachines/jdk1.8.0_60.jdk/Contents/Home/jre/lib/jfr.jar:/Library/Java/JavaVirtualMachines/jdk1.8.0_60.jdk/Contents/Home/jre/classes"/>
    <property name="java.vendor" value="Oracle Corporation"/>
    <property name="localRepository" value="/Users/mit/.m2/repository"/>
    <property name="file.separator" value="/"/>
    <property name="java.vendor.url.bug" value="http://bugreport.sun.com/bugreport/"/>
    <property name="sun.cpu.endian" value="little"/>
    <property name="sun.io.unicode.encoding" value="UnicodeBig"/>
    <property name="socksNonProxyHosts" value="local|*.local|169.254/16|*.169.254/16"/>
    <property name="ftp.nonProxyHosts" value="local|*.local|169.254/16|*.169.254/16"/>
    <property name="sun.cpu.isalist" value=""/>
  </properties>
  <testcase classname="com.mahmud.card.core.utils.CardUtilsTest" name="testAMEXCardNotValid" time="0.008"/>
  <testcase classname="com.mahmud.card.core.utils.CardUtilsTest" name="testAMEXCardMask" time="0"/>
  <testcase classname="com.mahmud.card.core.utils.CardUtilsTest" name="testRBCCardMask" time="0"/>
  <testcase classname="com.mahmud.card.core.utils.CardUtilsTest" name="testHSBCCardMask" time="0"/>
</testsuite>